c:\users\s172172\desktop\year 1 aie - assessment 3\asessment 3\maths_library\debug\maths_library.pdb
c:\users\s172172\desktop\year 1 aie - assessment 3\asessment 3\maths_library\debug\maths_library.idb
c:\users\s172172\desktop\year 1 aie - assessment 3\asessment 3\maths_library\debug\vector4.obj
c:\users\s172172\desktop\year 1 aie - assessment 3\asessment 3\maths_library\debug\vector3.obj
c:\users\s172172\desktop\year 1 aie - assessment 3\asessment 3\maths_library\debug\vector2.obj
c:\users\s172172\desktop\year 1 aie - assessment 3\asessment 3\maths_library\debug\matrix4.obj
c:\users\s172172\desktop\year 1 aie - assessment 3\asessment 3\maths_library\debug\matrix3.obj
c:\users\s172172\desktop\year 1 aie - assessment 3\asessment 3\maths_library\debug\line.obj
c:\users\s172172\desktop\year 1 aie - assessment 3\asessment 3\maths_library\debug\collision_manager.obj
c:\users\s172172\desktop\year 1 aie - assessment 3\asessment 3\maths_library\debug\collider.obj
c:\users\s172172\desktop\year 1 aie - assessment 3\asessment 3\maths_library\debug\circle.obj
c:\users\s172172\desktop\year 1 aie - assessment 3\asessment 3\maths_library\debug\base_conversion.obj
c:\users\s172172\desktop\year 1 aie - assessment 3\asessment 3\maths_library\debug\aligned_bounding_box.obj
c:\users\s172172\desktop\year 1 aie - assessment 3\asessment 3\debug\maths_library.lib
c:\users\s172172\desktop\year 1 aie - assessment 3\asessment 3\debug\maths_library.pdb
c:\users\s172172\desktop\year 1 aie - assessment 3\asessment 3\maths_library\debug\maths_library.tlog\cl.command.1.tlog
c:\users\s172172\desktop\year 1 aie - assessment 3\asessment 3\maths_library\debug\maths_library.tlog\cl.read.1.tlog
c:\users\s172172\desktop\year 1 aie - assessment 3\asessment 3\maths_library\debug\maths_library.tlog\cl.write.1.tlog
c:\users\s172172\desktop\year 1 aie - assessment 3\asessment 3\maths_library\debug\maths_library.tlog\lib-link.read.1.tlog
c:\users\s172172\desktop\year 1 aie - assessment 3\asessment 3\maths_library\debug\maths_library.tlog\lib-link.write.1.tlog
c:\users\s172172\desktop\year 1 aie - assessment 3\asessment 3\maths_library\debug\maths_library.tlog\lib.command.1.tlog
